<?xml version="1.0" encoding="UTF-8"?>
<testng-results ignored="0" total="1" passed="1" failed="0" skipped="0">
  <reporter-output>
  </reporter-output>
  <suite started-at="2025-02-04T13:03:29 IST" name="Default suite" finished-at="2025-02-04T13:03:29 IST" duration-ms="72">
    <groups>
    </groups>
    <test started-at="2025-02-04T13:03:29 IST" name="Default test" finished-at="2025-02-04T13:03:29 IST" duration-ms="72">
      <class name="com.crm.sample.sample">
        <test-method signature="sample()[pri:0, instance:com.crm.sample.sample@78691363]" started-at="2025-02-04T13:03:29 IST" name="sample" finished-at="2025-02-04T13:03:29 IST" duration-ms="15" status="PASS">
          <reporter-output>
          </reporter-output>
        </test-method> <!-- sample -->
      </class> <!-- com.crm.sample.sample -->
    </test> <!-- Default test -->
  </suite> <!-- Default suite -->
</testng-results>
